d:\oifii-org\httpdocs\ns-org\nsd\ar\cp\audio_spi\spitonicstepsequencerbufferplayersynthvoroguiwin32_vs2013\debug\spitonicstepsequencerbufferplayersynthvoroguiwin32.pch
d:\oifii-org\httpdocs\ns-org\nsd\ar\cp\audio_spi\spitonicstepsequencerbufferplayersynthvoroguiwin32_vs2013\debug\vc120.pdb
d:\oifii-org\httpdocs\ns-org\nsd\ar\cp\audio_spi\spitonicstepsequencerbufferplayersynthvoroguiwin32_vs2013\debug\vc120.idb
d:\oifii-org\httpdocs\ns-org\nsd\ar\cp\audio_spi\spitonicstepsequencerbufferplayersynthvoroguiwin32_vs2013\debug\stdafx.obj
d:\oifii-org\httpdocs\ns-org\nsd\ar\cp\audio_spi\spitonicstepsequencerbufferplayersynthvoroguiwin32_vs2013\debug\c_pointset.obj
d:\oifii-org\httpdocs\ns-org\nsd\ar\cp\audio_spi\spitonicstepsequencerbufferplayersynthvoroguiwin32_vs2013\debug\c_vorogui.obj
d:\oifii-org\httpdocs\ns-org\nsd\ar\cp\audio_spi\spitonicstepsequencerbufferplayersynthvoroguiwin32_vs2013\debug\spitonicstepsequencerbufferplayersynthvoroguiwin32.obj
d:\oifii-org\httpdocs\ns-org\nsd\ar\cp\audio_spi\spitonicstepsequencerbufferplayersynthvoroguiwin32_vs2013\debug\spitonicstepsequencerbufferplayersynthvoroguiwin32.ilk
d:\oifii-org\httpdocs\ns-org\nsd\ar\cp\audio_spi\spitonicstepsequencerbufferplayersynthvoroguiwin32_vs2013\debug\spitonicstepsequencerbufferplayersynthvoroguiwin32.exe
d:\oifii-org\httpdocs\ns-org\nsd\ar\cp\audio_spi\spitonicstepsequencerbufferplayersynthvoroguiwin32_vs2013\debug\spitonicstepsequencerbufferplayersynthvoroguiwin32.pdb
d:\oifii-org\httpdocs\ns-org\nsd\ar\cp\audio_spi\spitonicstepsequencerbufferplayersynthvoroguiwin32_vs2013\debug\spitonicstepsequencerbufferplayersynthvoroguiwin32.res
d:\oifii-org\httpdocs\ns-org\nsd\ar\cp\audio_spi\spitonicstepsequencerbufferplayersynthvoroguiwin32_vs2013\debug\spitonic.ad5e4a2a.tlog\cl.command.1.tlog
d:\oifii-org\httpdocs\ns-org\nsd\ar\cp\audio_spi\spitonicstepsequencerbufferplayersynthvoroguiwin32_vs2013\debug\spitonic.ad5e4a2a.tlog\cl.read.1.tlog
d:\oifii-org\httpdocs\ns-org\nsd\ar\cp\audio_spi\spitonicstepsequencerbufferplayersynthvoroguiwin32_vs2013\debug\spitonic.ad5e4a2a.tlog\cl.write.1.tlog
d:\oifii-org\httpdocs\ns-org\nsd\ar\cp\audio_spi\spitonicstepsequencerbufferplayersynthvoroguiwin32_vs2013\debug\spitonic.ad5e4a2a.tlog\link.command.1.tlog
d:\oifii-org\httpdocs\ns-org\nsd\ar\cp\audio_spi\spitonicstepsequencerbufferplayersynthvoroguiwin32_vs2013\debug\spitonic.ad5e4a2a.tlog\link.read.1.tlog
d:\oifii-org\httpdocs\ns-org\nsd\ar\cp\audio_spi\spitonicstepsequencerbufferplayersynthvoroguiwin32_vs2013\debug\spitonic.ad5e4a2a.tlog\link.write.1.tlog
d:\oifii-org\httpdocs\ns-org\nsd\ar\cp\audio_spi\spitonicstepsequencerbufferplayersynthvoroguiwin32_vs2013\debug\spitonic.ad5e4a2a.tlog\rc.command.1.tlog
d:\oifii-org\httpdocs\ns-org\nsd\ar\cp\audio_spi\spitonicstepsequencerbufferplayersynthvoroguiwin32_vs2013\debug\spitonic.ad5e4a2a.tlog\rc.read.1.tlog
d:\oifii-org\httpdocs\ns-org\nsd\ar\cp\audio_spi\spitonicstepsequencerbufferplayersynthvoroguiwin32_vs2013\debug\spitonic.ad5e4a2a.tlog\rc.write.1.tlog
